<?xml version="1.0" encoding="UTF-8"?>
<!-- Generated by org.testng.reporters.JUnitReportReporter -->
<testsuite hostname="DESKTOP-TMDKBPI" failures="0" tests="1" name="testng.dummy.testing_chrome" time="9.854" errors="0" timestamp="2020-03-20T15:52:15 CDT" skipped="0">
  <testcase classname="testng.dummy.testing_chrome" name="b" time="9.854"/>
  <system-out/>
</testsuite> <!-- testng.dummy.testing_chrome -->
