<?xml version="1.0" encoding="UTF-8"?>
<!-- Generated by org.testng.reporters.JUnitReportReporter -->
<testsuite hostname="DESKTOP-TMDKBPI" failures="0" tests="3" name="testng.dummy.Before_After" time="0.012" errors="0" timestamp="2020-03-24T19:33:21 CDT" skipped="0">
  <testcase classname="testng.dummy.Before_After" name="ac" time="0.002"/>
  <system-out/>
  <testcase classname="testng.dummy.Before_After" name="b" time="0.003"/>
  <system-out/>
  <testcase classname="testng.dummy.Before_After" name="aa" time="0.007"/>
  <system-out/>
</testsuite> <!-- testng.dummy.Before_After -->
