<?xml version="1.0" encoding="UTF-8"?>
<!-- Generated by org.testng.reporters.JUnitReportReporter -->
<testsuite hostname="DESKTOP-TMDKBPI" failures="0" tests="4" name="testng.project.NewTest" time="0.012" errors="0" timestamp="2020-03-15T19:03:32 CDT" skipped="0">
  <testcase classname="testng.project.NewTest" name="mobNegativeTestcase" time="0.008"/>
  <system-out/>
  <testcase classname="testng.project.NewTest" name="zobNegativeTestcase" time="0.001"/>
  <system-out/>
  <testcase classname="testng.project.NewTest" name="jobPositiveTestcase" time="0.001"/>
  <system-out/>
  <testcase classname="testng.project.NewTest" name="jobUITestcase" time="0.002"/>
  <system-out/>
</testsuite> <!-- testng.project.NewTest -->
